<?xml version="1.0" encoding="UTF-8"?>
<testng-results ignored="0" total="1" passed="1" failed="0" skipped="0">
  <reporter-output>
  </reporter-output>
  <suite started-at="2025-06-30T02:01:34 EDT" name="Default suite" finished-at="2025-06-30T02:03:07 EDT" duration-ms="93519">
    <groups>
    </groups>
    <test started-at="2025-06-30T02:01:34 EDT" name="Default test" finished-at="2025-06-30T02:03:07 EDT" duration-ms="93519">
      <class name="com.test.UnityClientTest">
        <test-method is-config="true" signature="setUp()[pri:0, instance:com.test.UnityClientTest@79e2c065]" started-at="2025-06-30T02:01:34 EDT" name="setUp" finished-at="2025-06-30T02:01:37 EDT" duration-ms="3538" status="PASS">
          <reporter-output>
          </reporter-output>
        </test-method> <!-- setUp -->
        <test-method signature="justOpen()[pri:0, instance:com.test.UnityClientTest@79e2c065]" started-at="2025-06-30T02:01:37 EDT" name="justOpen" finished-at="2025-06-30T02:03:02 EDT" duration-ms="84196" status="PASS">
          <reporter-output>
          </reporter-output>
        </test-method> <!-- justOpen -->
        <test-method is-config="true" signature="cleanUp()[pri:0, instance:com.test.UnityClientTest@79e2c065]" started-at="2025-06-30T02:03:02 EDT" name="cleanUp" finished-at="2025-06-30T02:03:07 EDT" duration-ms="5708" status="PASS">
          <reporter-output>
          </reporter-output>
        </test-method> <!-- cleanUp -->
        <test-method is-config="true" signature="tearDown()[pri:0, instance:com.test.UnityClientTest@79e2c065]" started-at="2025-06-30T02:03:07 EDT" name="tearDown" finished-at="2025-06-30T02:03:12 EDT" duration-ms="5049" status="PASS">
          <reporter-output>
          </reporter-output>
        </test-method> <!-- tearDown -->
      </class> <!-- com.test.UnityClientTest -->
    </test> <!-- Default test -->
  </suite> <!-- Default suite -->
</testng-results>
