<?xml version="1.0" encoding="UTF-8"?>
<testng-results ignored="0" total="1" passed="1" failed="0" skipped="0">
  <reporter-output>
  </reporter-output>
  <suite started-at="2025-07-09T06:25:11 EDT" name="Default suite" finished-at="2025-07-09T06:27:06 EDT" duration-ms="115552">
    <groups>
    </groups>
    <test started-at="2025-07-09T06:25:11 EDT" name="Default test" finished-at="2025-07-09T06:27:06 EDT" duration-ms="115552">
      <class name="com.test.UnityClientTest">
        <test-method is-config="true" signature="setUp()[pri:0, instance:com.test.UnityClientTest@79e2c065]" started-at="2025-07-09T06:25:11 EDT" name="setUp" finished-at="2025-07-09T06:25:19 EDT" duration-ms="8159" status="PASS">
          <reporter-output>
          </reporter-output>
        </test-method> <!-- setUp -->
        <test-method signature="justOpen()[pri:0, instance:com.test.UnityClientTest@79e2c065]" started-at="2025-07-09T06:25:19 EDT" name="justOpen" finished-at="2025-07-09T06:27:01 EDT" duration-ms="101750" status="PASS">
          <reporter-output>
          </reporter-output>
        </test-method> <!-- justOpen -->
        <test-method is-config="true" signature="cleanUp()[pri:0, instance:com.test.UnityClientTest@79e2c065]" started-at="2025-07-09T06:27:01 EDT" name="cleanUp" finished-at="2025-07-09T06:27:06 EDT" duration-ms="5579" status="PASS">
          <reporter-output>
          </reporter-output>
        </test-method> <!-- cleanUp -->
        <test-method is-config="true" signature="tearDown()[pri:0, instance:com.test.UnityClientTest@79e2c065]" started-at="2025-07-09T06:27:06 EDT" name="tearDown" finished-at="2025-07-09T06:27:08 EDT" duration-ms="1857" status="PASS">
          <reporter-output>
          </reporter-output>
        </test-method> <!-- tearDown -->
      </class> <!-- com.test.UnityClientTest -->
    </test> <!-- Default test -->
  </suite> <!-- Default suite -->
</testng-results>
